<?xml version="1.0" encoding="UTF-8"?>
<testsuite xmlns:xsi="http://www.w3.org/2001/XMLSchema-instance" xsi:noNamespaceSchemaLocation="https://maven.apache.org/surefire/maven-surefire-plugin/xsd/surefire-test-report-3.0.xsd" version="3.0" name="projectfinal.runner.RunnerTest" time="8.993" tests="1" errors="0" skipped="0" failures="0">
  <properties>
[...]
</properties>
  <testcase name="Verify and manage course header" classname="Verify and manage course header details" time="8.123">
    <system-out><![CDATA[
@HeaderElementsDisplay
Scenario: Verify and manage course header                       # src/test/resources/Features/Affichage.feature:11
  Given the admin is on the homepage                            # projectfinal.stepsdef.DashbordSteps.the_admin_is_on_the_homepage()
  When the admin selects the login option                       # projectfinal.stepsdef.DashbordSteps.the_admin_selects_the_login_option()
  And the admin inputs their mouna.makni@talan.com and Admin09$ # projectfinal.stepsdef.DashbordSteps.the_admin_inputs_their_email_and_password(java.lang.String,java.lang.String)
  And the admin selects the login button                        # projectfinal.stepsdef.DashbordSteps.the_admin_selects_the_login_button()
  When the admin clicks on Cursus in the dashboard menu         # projectfinal.stepsdef.AjoutCursusSteps.the_admin_clicks_on_cursus_in_the_dashboard_menu()
  And the course title should be "Course"                       # projectfinal.stepsdef.AffchageSteps.the_course_title_should_be(java.lang.String)
  And the course description should be "Description"            # projectfinal.stepsdef.AffchageSteps.the_course_description_should_be(java.lang.String)
  And the tags associated with the course should be "Tags"      # projectfinal.stepsdef.AffchageSteps.the_tags_associated_with_the_course_should_be(java.lang.String)
  And the course visibility should be "Visibility"              # projectfinal.stepsdef.AffchageSteps.the_course_visibility_should_be(java.lang.String)
  And the course actions should be "Actions"                    # projectfinal.stepsdef.AffchageSteps.the_course_actions_should_be(java.lang.String)
the elements of the header should be displayed
  Then the elements of the header should be displayed           # projectfinal.stepsdef.AffchageSteps.the_elements_of_the_header_should_be_displayed()
]]></system-out>
    <system-err><![CDATA[SLF4J: No SLF4J providers were found.
SLF4J: Defaulting to no-operation (NOP) logger implementation
SLF4J: See https://www.slf4j.org/codes.html#noProviders for further details.
Starting ChromeDriver 119.0.6045.105 (38c72552c5e15ba9b3117c0967a0fd105072d7c6-refs/branch-heads/6045@{#1103}) on port 35869
Only local connections are allowed.
Please see https://chromedriver.chromium.org/security-considerations for suggestions on keeping ChromeDriver safe.
ChromeDriver was started successfully.
déc. 01, 2023 3:49:36 PM org.openqa.selenium.remote.ProtocolHandshake createSession
INFOS: Detected dialect: W3C
]]></system-err>
  </testcase>
</testsuite>