<?xml version="1.0" encoding="UTF-8"?>
<testsuite name="Cucumber" time="8.087" tests="1" skipped="0" failures="1" errors="0">
<testcase classname="Verify and manage course header details" name="Verify and manage course header" time="7.923">
<failure type="org.junit.ComparisonFailure" message="expected:&lt;C[ursus]&gt; but was:&lt;C[ourse]&gt;">
<![CDATA[org.junit.ComparisonFailure: expected:<C[ursus]> but was:<C[ourse]>
	at org.junit.Assert.assertEquals(Assert.java:117)
	at org.junit.Assert.assertEquals(Assert.java:146)
	at projectfinal.pages.AffichageCursus.verifyTitle(AffichageCursus.java:23)
	at projectfinal.stepsdef.AffchageSteps.the_course_title_should_be(AffchageSteps.java:16)
	at ✽.the course title should be "Course"(file:///C:/Users/otaalaoui/Desktop/space/ProjetFinal/src/test/resources/Features/Affichage.feature:12)
]]>
</failure>
<system-out><![CDATA[
Given the admin is on the homepage..........................................passed
When the admin selects the login option.....................................passed
And the admin inputs their mouna.makni@talan.com and Admin09$...............passed
And the admin selects the login button......................................passed
When the admin clicks on Cursus in the dashboard menu.......................passed
And the course title should be "Course".....................................failed
And the course description should be "Description"..........................skipped
And the tags associated with the course should be "Tags"....................skipped
And the course visibility should be "Visibility"............................skipped
And the course actions should be "Actions"..................................skipped
Then the elements of the header should be displayed.........................skipped
]]></system-out>
</testcase>
</testsuite>
